2025-10-14 15:28:00,882 - INFO - Selected files: ['C:/Users/Hp/Downloads/Campus Program & Links.xlsx']
2025-10-14 15:28:04,599 - INFO - Selected files: ['C:/Users/Hp/Downloads/Campus Program & Links.xlsx']
2025-10-14 15:28:16,197 - INFO - Selected files: ['C:/Users/Hp/Downloads/Data Refresh Sample Data.xlsx']
2025-10-14 15:28:19,246 - INFO - Configuration saved to config.json
2025-10-14 15:28:21,720 - INFO - Configuration saved to config.json
2025-10-14 15:28:35,046 - INFO - Merge started for 1 files
2025-10-14 15:28:35,049 - INFO - Reading file Data Refresh Sample Data.xlsx (1/1)
2025-10-14 15:28:35,836 - INFO - Merge finished: total rows=22 cols=5 from 1 files
2025-10-14 15:28:35,854 - INFO - Merge updated UI: rows=22 cols=5 files=1
2025-10-14 15:31:56,099 - INFO - Selected files: ['C:/Users/Hp/Downloads/file_5.xlsx', 'C:/Users/Hp/Downloads/file_4.xlsx', 'C:/Users/Hp/Downloads/file_3.xlsx', 'C:/Users/Hp/Downloads/file_2.xlsx', 'C:/Users/Hp/Downloads/file_1.xlsx']
2025-10-14 15:32:00,870 - INFO - Merge started for 5 files
2025-10-14 15:32:00,874 - INFO - Reading file file_5.xlsx (1/5)
2025-10-14 15:32:00,890 - INFO - Reading file file_4.xlsx (2/5)
2025-10-14 15:32:00,902 - INFO - Reading file file_3.xlsx (3/5)
2025-10-14 15:32:00,914 - INFO - Reading file file_2.xlsx (4/5)
2025-10-14 15:32:00,932 - INFO - Reading file file_1.xlsx (5/5)
2025-10-14 15:32:00,949 - INFO - Merge finished: total rows=15 cols=4 from 5 files
2025-10-14 15:32:01,080 - INFO - Merge updated UI: rows=15 cols=4 files=5
2025-10-14 15:32:35,195 - INFO - Saved master for emailing: C:/Users/Hp/Downloads/master_2025-10-14_15-32-27.xlsx
2025-10-14 15:32:49,972 - INFO - Sending email to ['custmail8@gmail.com'] (file: C:/Users/Hp/Downloads/master_2025-10-14_15-32-27.xlsx)
2025-10-14 15:32:49,976 - ERROR - Email sending failed: Gmail selected but sender_email or app_password not configured. Go to Settings and configure.
Traceback (most recent call last):
  File "C:\Users\Hp\AppData\Local\Temp\ipykernel_1064\1824175079.py", line 692, in _send_email_worker
    raise RuntimeError("Gmail selected but sender_email or app_password not configured. Go to Settings and configure.")
RuntimeError: Gmail selected but sender_email or app_password not configured. Go to Settings and configure.
2025-10-14 15:32:58,145 - INFO - Email result: sent=0 failed=['custmail8@gmail.com']
2025-10-14 15:34:16,454 - INFO - Saved master for emailing: C:/Users/Hp/Downloads/master_2025-10-14_15-34-10.xlsx
2025-10-14 15:34:33,045 - INFO - Sending email to ['custmail8@gmail.com'] (file: C:/Users/Hp/Downloads/master_2025-10-14_15-34-10.xlsx)
2025-10-14 15:34:33,069 - ERROR - Email sending failed: Gmail selected but sender_email or app_password not configured. Go to Settings and configure.
Traceback (most recent call last):
  File "C:\Users\Hp\AppData\Local\Temp\ipykernel_1064\1824175079.py", line 692, in _send_email_worker
    raise RuntimeError("Gmail selected but sender_email or app_password not configured. Go to Settings and configure.")
RuntimeError: Gmail selected but sender_email or app_password not configured. Go to Settings and configure.
2025-10-14 15:35:10,132 - INFO - Email result: sent=0 failed=['custmail8@gmail.com']
2025-10-14 15:37:11,278 - INFO - Configuration saved to config.json
2025-10-14 15:37:18,217 - INFO - Saved master for emailing: C:/Users/Hp/Downloads/master_2025-10-14_15-37-14.xlsx
2025-10-14 15:37:28,683 - INFO - Sending email to ['custmail8@gmail.com'] (file: C:/Users/Hp/Downloads/master_2025-10-14_15-37-14.xlsx)
2025-10-14 15:37:33,644 - INFO - Email send completed: sent=1 failed=[]
2025-10-14 15:37:35,503 - INFO - Email result: sent=1 failed=[]
2025-10-14 15:39:34,134 - INFO - Configuration saved to config.json
2025-10-14 15:39:38,763 - INFO - Configuration saved to config.json
2025-10-14 15:39:42,629 - INFO - Configuration saved to config.json
2025-10-14 15:39:43,790 - INFO - Configuration saved to config.json
2025-10-14 15:39:43,793 - INFO - Watch started on C:/Users/Hp/Downloads
2025-10-14 15:39:49,686 - INFO - Configuration saved to config.json
2025-10-14 15:39:49,701 - INFO - Watch stopped.
